<?xml version="1.0" encoding="UTF-8"?>
<testsuite xmlns:xsi="http://www.w3.org/2001/XMLSchema-instance" xsi:noNamespaceSchemaLocation="https://maven.apache.org/surefire/maven-surefire-plugin/xsd/surefire-test-report.xsd" name="TestSuite" time="46.523" tests="2" errors="0" skipped="1" failures="1">
  <properties>
[...]
</properties>
  <testcase name="openNewsRegionTest" classname="test.java.testCases.SearchTourTest" time="0">
    <skipped message="chrome not reachable&#10;  (Session info: chrome=94.0.4606.71)&#10;Build info: version: &apos;4.0.0-rc-3&apos;, revision: &apos;5fe1af712f&apos;&#10;System info: host: &apos;LAPTOP-G3VDLDOL&apos;, ip: &apos;192.168.0.4&apos;, os.name: &apos;Windows 10&apos;, os.arch: &apos;amd64&apos;, os.version: &apos;10.0&apos;, java.version: &apos;11.0.10&apos;&#10;Driver info: org.openqa.selenium.chrome.ChromeDriver&#10;Command: [ef9ee1b744808bfc9db0cc0c385b5da9, findElement {using=xpath, value=//div[contains(@class,&apos;TVLocationButton&apos;)]}]&#10;Capabilities {acceptInsecureCerts: false, browserName: chrome, browserVersion: 94.0.4606.71, chrome: {chromedriverVersion: 94.0.4606.61 (418b78f5838ed..., userDataDir: C:\Users\Acer\AppData\Local...}, goog:chromeOptions: {debuggerAddress: localhost:57814}, javascriptEnabled: true, networkConnectionEnabled: false, pageLoadStrategy: normal, platform: WINDOWS, platformName: WINDOWS, proxy: Proxy(), se:cdp: ws://localhost:57814/devtoo..., se:cdpVersion: 94.0.4606.71, setWindowRect: true, strictFileInteractability: false, timeouts: {implicit: 0, pageLoad: 300000, script: 30000}, unhandledPromptBehavior: dismiss and notify, webauthn:extension:credBlob: true, webauthn:extension:largeBlob: true, webauthn:virtualAuthenticators: true}&#10;Session ID: ef9ee1b744808bfc9db0cc0c385b5da9"/>
    <system-out><![CDATA[Method set up
BrowserFactory ChromeDriver: chrome on WINDOWS (ef9ee1b744808bfc9db0cc0c385b5da9)
BaseTest ChromeDriver: chrome on WINDOWS (ef9ee1b744808bfc9db0cc0c385b5da9)
BasePageObject ChromeDriver: chrome on WINDOWS (ef9ee1b744808bfc9db0cc0c385b5da9)
]]></system-out>
    <system-err><![CDATA[SLF4J: Failed to load class "org.slf4j.impl.StaticLoggerBinder".
SLF4J: Defaulting to no-operation (NOP) logger implementation
SLF4J: See http://www.slf4j.org/codes.html#StaticLoggerBinder for further details.
ERROR StatusLogger Log4j2 could not find a logging implementation. Please add log4j-core to the classpath. Using SimpleLogger to log to the console...
Starting ChromeDriver 94.0.4606.61 (418b78f5838ed0b1c69bb4e51ea0252171854915-refs/branch-heads/4606@{#1204}) on port 51062
Only local connections are allowed.
Please see https://chromedriver.chromium.org/security-considerations for suggestions on keeping ChromeDriver safe.
ChromeDriver was started successfully.
окт. 11, 2021 2:36:47 AM org.openqa.selenium.remote.ProtocolHandshake createSession
INFO: Detected dialect: W3C
окт. 11, 2021 2:36:48 AM org.openqa.selenium.devtools.CdpVersionFinder findNearestMatch
INFO: Found exact CDP implementation for version 94
[1633909018.422][WARNING]: Timed out connecting to Chrome, retrying...
]]></system-err>
  </testcase>
  <testcase name="openNewsRegionTest" classname="test.java.testCases.SearchTourTest" time="12.348">
    <failure message="chrome not reachable&#10;  (Session info: chrome=94.0.4606.71)&#10;Build info: version: &apos;4.0.0-rc-3&apos;, revision: &apos;5fe1af712f&apos;&#10;System info: host: &apos;LAPTOP-G3VDLDOL&apos;, ip: &apos;192.168.0.4&apos;, os.name: &apos;Windows 10&apos;, os.arch: &apos;amd64&apos;, os.version: &apos;10.0&apos;, java.version: &apos;11.0.10&apos;&#10;Driver info: org.openqa.selenium.chrome.ChromeDriver&#10;Command: [ef9ee1b744808bfc9db0cc0c385b5da9, get {url=https://pegastk.com/}]&#10;Capabilities {acceptInsecureCerts: false, browserName: chrome, browserVersion: 94.0.4606.71, chrome: {chromedriverVersion: 94.0.4606.61 (418b78f5838ed..., userDataDir: C:\Users\Acer\AppData\Local...}, goog:chromeOptions: {debuggerAddress: localhost:57814}, javascriptEnabled: true, networkConnectionEnabled: false, pageLoadStrategy: normal, platform: WINDOWS, platformName: WINDOWS, proxy: Proxy(), se:cdp: ws://localhost:57814/devtoo..., se:cdpVersion: 94.0.4606.71, setWindowRect: true, strictFileInteractability: false, timeouts: {implicit: 0, pageLoad: 300000, script: 30000}, unhandledPromptBehavior: dismiss and notify, webauthn:extension:credBlob: true, webauthn:extension:largeBlob: true, webauthn:virtualAuthenticators: true}&#10;Session ID: ef9ee1b744808bfc9db0cc0c385b5da9" type="org.openqa.selenium.WebDriverException">org.openqa.selenium.WebDriverException: 
chrome not reachable
  (Session info: chrome=94.0.4606.71)
Build info: version: '4.0.0-rc-3', revision: '5fe1af712f'
System info: host: 'LAPTOP-G3VDLDOL', ip: '192.168.0.4', os.name: 'Windows 10', os.arch: 'amd64', os.version: '10.0', java.version: '11.0.10'
Driver info: org.openqa.selenium.chrome.ChromeDriver
Command: [ef9ee1b744808bfc9db0cc0c385b5da9, get {url=https://pegastk.com/}]
Capabilities {acceptInsecureCerts: false, browserName: chrome, browserVersion: 94.0.4606.71, chrome: {chromedriverVersion: 94.0.4606.61 (418b78f5838ed..., userDataDir: C:\Users\Acer\AppData\Local...}, goog:chromeOptions: {debuggerAddress: localhost:57814}, javascriptEnabled: true, networkConnectionEnabled: false, pageLoadStrategy: normal, platform: WINDOWS, platformName: WINDOWS, proxy: Proxy(), se:cdp: ws://localhost:57814/devtoo..., se:cdpVersion: 94.0.4606.71, setWindowRect: true, strictFileInteractability: false, timeouts: {implicit: 0, pageLoad: 300000, script: 30000}, unhandledPromptBehavior: dismiss and notify, webauthn:extension:credBlob: true, webauthn:extension:largeBlob: true, webauthn:virtualAuthenticators: true}
Session ID: ef9ee1b744808bfc9db0cc0c385b5da9
	at test.java.testCases.SearchTourTest.openNewsRegionTest(SearchTourTest.java:15)
</failure>
    <system-out><![CDATA[BasePageObject ChromeDriver: chrome on WINDOWS (ef9ee1b744808bfc9db0cc0c385b5da9)
ТЕСТ ПРОВАЛЕН ДВАЖДЫ!!! 
]]></system-out>
    <system-err><![CDATA[[1633909030.716][WARNING]: Timed out connecting to Chrome, retrying...
]]></system-err>
  </testcase>
</testsuite>