<?xml version="1.0" encoding="UTF-8"?>
<!-- Generated by org.testng.reporters.JUnitXMLReporter -->
<testsuite ignored="0" hostname="LAPTOP-G3VDLDOL" failures="1" tests="2" name="AllTest" time="43.611" errors="0" timestamp="2021-10-11T02:37:19 MSK">
  <testcase classname="test.java.testCases.SearchTourTest" name="openNewsRegionTest" time="18.21">
    <skipped/>
  </testcase> <!-- openNewsRegionTest -->
  <testcase classname="test.java.testCases.SearchTourTest" name="openNewsRegionTest" time="12.24">
    <failure type="org.openqa.selenium.WebDriverException" message="chrome not reachable
  (Session info: chrome=94.0.4606.71)
Build info: version: &amp;apos;4.0.0-rc-3&amp;apos;, revision: &amp;apos;5fe1af712f&amp;apos;
System info: host: &amp;apos;LAPTOP-G3VDLDOL&amp;apos;, ip: &amp;apos;192.168.0.4&amp;apos;, os.name: &amp;apos;Windows 10&amp;apos;, os.arch: &amp;apos;amd64&amp;apos;, os.version: &amp;apos;10.0&amp;apos;, java.version: &amp;apos;11.0.10&amp;apos;
Driver info: org.openqa.selenium.chrome.ChromeDriver
Command: [ef9ee1b744808bfc9db0cc0c385b5da9, get {url=https://pegastk.com/}]
Capabilities {acceptInsecureCerts: false, browserName: chrome, browserVersion: 94.0.4606.71, chrome: {chromedriverVersion: 94.0.4606.61 (418b78f5838ed..., userDataDir: C:\Users\Acer\AppData\Local...}, goog:chromeOptions: {debuggerAddress: localhost:57814}, javascriptEnabled: true, networkConnectionEnabled: false, pageLoadStrategy: normal, platform: WINDOWS, platformName: WINDOWS, proxy: Proxy(), se:cdp: ws://localhost:57814/devtoo..., se:cdpVersion: 94.0.4606.71, setWindowRect: true, strictFileInteractability: false, timeouts: {implicit: 0, pageLoad: 300000, script: 30000}, unhandledPromptBehavior: dismiss and notify, webauthn:extension:credBlob: true, webauthn:extension:largeBlob: true, webauthn:virtualAuthenticators: true}
Session ID: ef9ee1b744808bfc9db0cc0c385b5da9">
      <![CDATA[org.openqa.selenium.WebDriverException: chrome not reachable
  (Session info: chrome=94.0.4606.71)
Build info: version: '4.0.0-rc-3', revision: '5fe1af712f'
System info: host: 'LAPTOP-G3VDLDOL', ip: '192.168.0.4', os.name: 'Windows 10', os.arch: 'amd64', os.version: '10.0', java.version: '11.0.10'
Driver info: org.openqa.selenium.chrome.ChromeDriver
Command: [ef9ee1b744808bfc9db0cc0c385b5da9, get {url=https://pegastk.com/}]
Capabilities {acceptInsecureCerts: false, browserName: chrome, browserVersion: 94.0.4606.71, chrome: {chromedriverVersion: 94.0.4606.61 (418b78f5838ed..., userDataDir: C:\Users\Acer\AppData\Local...}, goog:chromeOptions: {debuggerAddress: localhost:57814}, javascriptEnabled: true, networkConnectionEnabled: false, pageLoadStrategy: normal, platform: WINDOWS, platformName: WINDOWS, proxy: Proxy(), se:cdp: ws://localhost:57814/devtoo..., se:cdpVersion: 94.0.4606.71, setWindowRect: true, strictFileInteractability: false, timeouts: {implicit: 0, pageLoad: 300000, script: 30000}, unhandledPromptBehavior: dismiss and notify, webauthn:extension:credBlob: true, webauthn:extension:largeBlob: true, webauthn:virtualAuthenticators: true}
Session ID: ef9ee1b744808bfc9db0cc0c385b5da9
at org.openqa.selenium.remote.codec.w3c.W3CHttpResponseCodec.createException(W3CHttpResponseCodec.java:200)
at org.openqa.selenium.remote.codec.w3c.W3CHttpResponseCodec.decode(W3CHttpResponseCodec.java:133)
at org.openqa.selenium.remote.codec.w3c.W3CHttpResponseCodec.decode(W3CHttpResponseCodec.java:53)
at org.openqa.selenium.remote.HttpCommandExecutor.execute(HttpCommandExecutor.java:184)
at org.openqa.selenium.remote.service.DriverCommandExecutor.invokeExecute(DriverCommandExecutor.java:164)
at org.openqa.selenium.remote.service.DriverCommandExecutor.execute(DriverCommandExecutor.java:139)
at org.openqa.selenium.remote.RemoteWebDriver.execute(RemoteWebDriver.java:559)
at org.openqa.selenium.remote.RemoteWebDriver.get(RemoteWebDriver.java:328)
at pages.pegas.MainPage.<init>(MainPage.java:25)
at test.java.testCases.SearchTourTest.openNewsRegionTest(SearchTourTest.java:15)
at java.base/java.util.ArrayList.forEach(ArrayList.java:1541)
... Removed 35 stack frames]]>
    </failure>
  </testcase> <!-- openNewsRegionTest -->
</testsuite> <!-- AllTest -->
